<?xml version="1.0" encoding="UTF-8"?>
<!-- Generated by org.testng.reporters.JUnitReportReporter -->
<testsuite hostname="DESKTOP-3N7FDE7" failures="0" tests="6" name="com.airtech.qa.testcases.LoginPageTest" time="82.860" errors="0" timestamp="2025-05-23T17:07:43 IST" skipped="0">
  <testcase classname="com.airtech.qa.testcases.LoginPageTest" name="LoginTextTest" time="11.841"/>
  <testcase classname="com.airtech.qa.testcases.LoginPageTest" name="ValidationTest" time="10.316"/>
  <testcase classname="com.airtech.qa.testcases.LoginPageTest" name="registertest" time="13.169"/>
  <testcase classname="com.airtech.qa.testcases.LoginPageTest" name="ForgotPasswordTest" time="21.944"/>
  <testcase classname="com.airtech.qa.testcases.LoginPageTest" name="ToggleTest" time="11.595"/>
  <testcase classname="com.airtech.qa.testcases.LoginPageTest" name="logintest" time="13.995"/>
</testsuite> <!-- com.airtech.qa.testcases.LoginPageTest -->
