<?xml version="1.0" encoding="UTF-8"?>
<!-- Generated by org.testng.reporters.JUnitReportReporter -->
<testsuite hostname="DESKTOP-3N7FDE7" failures="0" tests="8" name="com.airtech.qa.testcases.MyWishListPageTest" time="24.938" errors="0" timestamp="2025-04-21T12:45:36 IST" skipped="0">
  <testcase classname="com.airtech.qa.testcases.MyWishListPageTest" name="MyWishlistTest" time="2.255"/>
  <testcase classname="com.airtech.qa.testcases.MyWishListPageTest" name="ShowTest" time="3.050"/>
  <testcase classname="com.airtech.qa.testcases.MyWishListPageTest" name="EditTest" time="7.109"/>
  <testcase classname="com.airtech.qa.testcases.MyWishListPageTest" name="commenttest" time="0.521"/>
  <testcase classname="com.airtech.qa.testcases.MyWishListPageTest" name="quantityTest" time="2.487"/>
  <testcase classname="com.airtech.qa.testcases.MyWishListPageTest" name="ShareWishTest" time="3.083"/>
  <testcase classname="com.airtech.qa.testcases.MyWishListPageTest" name="ValidationTest" time="4.044"/>
  <testcase classname="com.airtech.qa.testcases.MyWishListPageTest" name="removebtntest" time="2.389"/>
</testsuite> <!-- com.airtech.qa.testcases.MyWishListPageTest -->
