<?xml version="1.0" encoding="UTF-8"?>
<!-- Generated by org.testng.reporters.JUnitReportReporter -->
<testsuite hostname="DESKTOP-3N7FDE7" failures="0" tests="1" name="com.airtech.qa.testcases.ProductPageTest" time="14.063" errors="0" timestamp="2025-05-13T15:45:20 IST" skipped="0">
  <testcase classname="com.airtech.qa.testcases.ProductPageTest" name="WishListSuccessTest" time="14.063"/>
</testsuite> <!-- com.airtech.qa.testcases.ProductPageTest -->
