<?xml version="1.0" encoding="UTF-8"?>
<!-- Generated by org.testng.reporters.JUnitReportReporter -->
<testsuite hostname="DESKTOP-3N7FDE7" failures="0" tests="1" name="com.airtech.qa.testcases.AddressPageTest" time="18.630" errors="0" timestamp="2025-04-25T11:07:32 IST" skipped="0">
  <testcase classname="com.airtech.qa.testcases.AddressPageTest" name="NewAddbtnClick" time="18.630"/>
</testsuite> <!-- com.airtech.qa.testcases.AddressPageTest -->
