<?xml version="1.0" encoding="UTF-8"?>
<!-- Generated by org.testng.reporters.JUnitReportReporter -->
<testsuite hostname="DESKTOP-3N7FDE7" failures="0" tests="4" name="com.airtech.qa.testcases.ContactPageTest" time="51.664" errors="0" timestamp="2025-04-24T11:29:19 IST" skipped="0">
  <testcase classname="com.airtech.qa.testcases.ContactPageTest" name="NameTest" time="19.458"/>
  <testcase classname="com.airtech.qa.testcases.ContactPageTest" name="ContactbtnTest" time="12.546"/>
  <testcase classname="com.airtech.qa.testcases.ContactPageTest" name="ContactAllNegativeTest" time="10.915"/>
  <testcase classname="com.airtech.qa.testcases.ContactPageTest" name="InvalidEmailTest" time="8.745"/>
</testsuite> <!-- com.airtech.qa.testcases.ContactPageTest -->
