<?xml version="1.0" encoding="UTF-8"?>
<!-- Generated by org.testng.reporters.JUnitReportReporter -->
<testsuite hostname="DESKTOP-3N7FDE7" failures="0" tests="6" name="com.airtech.qa.testcases.LoginPageTest" time="14.878" errors="0" timestamp="2025-05-12T18:14:17 IST" skipped="0">
  <testcase classname="com.airtech.qa.testcases.LoginPageTest" name="LoginTextTest" time="0.748"/>
  <testcase classname="com.airtech.qa.testcases.LoginPageTest" name="ValidationTest" time="0.350"/>
  <testcase classname="com.airtech.qa.testcases.LoginPageTest" name="registertest" time="4.659"/>
  <testcase classname="com.airtech.qa.testcases.LoginPageTest" name="ForgotPasswordTest" time="4.031"/>
  <testcase classname="com.airtech.qa.testcases.LoginPageTest" name="ToggleTest" time="1.086"/>
  <testcase classname="com.airtech.qa.testcases.LoginPageTest" name="logintest" time="4.004"/>
</testsuite> <!-- com.airtech.qa.testcases.LoginPageTest -->
