<?xml version="1.0" encoding="UTF-8"?>
<!-- Generated by org.testng.reporters.JUnitReportReporter -->
<testsuite hostname="DESKTOP-3N7FDE7" failures="0" tests="6" name="com.airtech.qa.testcases.LoginPageTest" time="71.573" errors="0" timestamp="2025-04-22T17:42:19 IST" skipped="0">
  <testcase classname="com.airtech.qa.testcases.LoginPageTest" name="LoginTextTest" time="10.442"/>
  <testcase classname="com.airtech.qa.testcases.LoginPageTest" name="ValidationTest" time="10.136"/>
  <testcase classname="com.airtech.qa.testcases.LoginPageTest" name="registertest" time="13.935"/>
  <testcase classname="com.airtech.qa.testcases.LoginPageTest" name="ForgotPasswordTest" time="12.617"/>
  <testcase classname="com.airtech.qa.testcases.LoginPageTest" name="ToggleTest" time="10.532"/>
  <testcase classname="com.airtech.qa.testcases.LoginPageTest" name="logintest" time="13.911"/>
</testsuite> <!-- com.airtech.qa.testcases.LoginPageTest -->
