<?xml version="1.0" encoding="UTF-8"?>
<!-- Generated by org.testng.reporters.JUnitReportReporter -->
<testsuite hostname="DESKTOP-3N7FDE7" failures="0" tests="2" name="com.airtech.qa.testcases.ForgotPasswordTest" time="6.208" errors="0" timestamp="2025-05-12T18:08:47 IST" skipped="0">
  <testcase classname="com.airtech.qa.testcases.ForgotPasswordTest" name="ForgotTest" time="1.517"/>
  <testcase classname="com.airtech.qa.testcases.ForgotPasswordTest" name="ResetTest" time="4.691"/>
</testsuite> <!-- com.airtech.qa.testcases.ForgotPasswordTest -->
