<?xml version="1.0" encoding="UTF-8"?>
<!-- Generated by org.testng.reporters.JUnitReportReporter -->
<testsuite hostname="DESKTOP-3N7FDE7" failures="0" tests="8" name="com.airtech.qa.testcases.MyWishListPageTest" time="26.736" errors="0" timestamp="2025-04-24T17:18:06 IST" skipped="0">
  <testcase classname="com.airtech.qa.testcases.MyWishListPageTest" name="MyWishlistTest" time="0.677"/>
  <testcase classname="com.airtech.qa.testcases.MyWishListPageTest" name="ShowTest" time="3.836"/>
  <testcase classname="com.airtech.qa.testcases.MyWishListPageTest" name="EditTest" time="6.167"/>
  <testcase classname="com.airtech.qa.testcases.MyWishListPageTest" name="commenttest" time="1.144"/>
  <testcase classname="com.airtech.qa.testcases.MyWishListPageTest" name="quantityTest" time="3.470"/>
  <testcase classname="com.airtech.qa.testcases.MyWishListPageTest" name="ShareWishTest" time="3.841"/>
  <testcase classname="com.airtech.qa.testcases.MyWishListPageTest" name="ValidationTest" time="5.040"/>
  <testcase classname="com.airtech.qa.testcases.MyWishListPageTest" name="removebtntest" time="2.561"/>
</testsuite> <!-- com.airtech.qa.testcases.MyWishListPageTest -->
