<?xml version="1.0" encoding="UTF-8"?>
<!-- Generated by org.testng.reporters.JUnitReportReporter -->
<testsuite hostname="DESKTOP-3N7FDE7" failures="0" tests="18" name="com.airtech.qa.testcases.ProductDetailPageTest" time="241.975" errors="0" timestamp="2025-04-22T16:11:34 IST" skipped="0">
  <testcase classname="com.airtech.qa.testcases.ProductDetailPageTest" name="IsdetailDisplayed" time="10.590"/>
  <testcase classname="com.airtech.qa.testcases.ProductDetailPageTest" name="IsMoreInfoDisplayed" time="12.856"/>
  <testcase classname="com.airtech.qa.testcases.ProductDetailPageTest" name="IsReviewDisplayed" time="10.604"/>
  <testcase classname="com.airtech.qa.testcases.ProductDetailPageTest" name="IsPriceDisplayed" time="11.251"/>
  <testcase classname="com.airtech.qa.testcases.ProductDetailPageTest" name="IsProductNameDisplayed" time="10.857"/>
  <testcase classname="com.airtech.qa.testcases.ProductDetailPageTest" name="IsReviewGivenDisplayed" time="23.475"/>
  <testcase classname="com.airtech.qa.testcases.ProductDetailPageTest" name="IsDescDisplayed" time="10.886"/>
  <testcase classname="com.airtech.qa.testcases.ProductDetailPageTest" name="IsStockSKUDisplayed" time="10.847"/>
  <testcase classname="com.airtech.qa.testcases.ProductDetailPageTest" name="IsStockDisplayed" time="11.235"/>
  <testcase classname="com.airtech.qa.testcases.ProductDetailPageTest" name="IsIncrementDisplayed" time="9.628"/>
  <testcase classname="com.airtech.qa.testcases.ProductDetailPageTest" name="nextproductTest" time="13.073"/>
  <testcase classname="com.airtech.qa.testcases.ProductDetailPageTest" name="previousproductTest" time="12.761"/>
  <testcase classname="com.airtech.qa.testcases.ProductDetailPageTest" name="QuantityDecrementTest" time="11.281"/>
  <testcase classname="com.airtech.qa.testcases.ProductDetailPageTest" name="QuantityIncrementTest" time="12.149"/>
  <testcase classname="com.airtech.qa.testcases.ProductDetailPageTest" name="CartSuccessTest" time="19.761"/>
  <testcase classname="com.airtech.qa.testcases.ProductDetailPageTest" name="CompareSuccessTest" time="16.925"/>
  <testcase classname="com.airtech.qa.testcases.ProductDetailPageTest" name="WishListFailureTest" time="12.794"/>
  <testcase classname="com.airtech.qa.testcases.ProductDetailPageTest" name="WishListSuccessTest" time="21.002"/>
</testsuite> <!-- com.airtech.qa.testcases.ProductDetailPageTest -->
