<?xml version="1.0" encoding="UTF-8"?>
<!-- Generated by org.testng.reporters.JUnitReportReporter -->
<testsuite hostname="DESKTOP-3N7FDE7" failures="1" tests="6" name="com.airtech.qa.testcases.MyWishListPageTest" time="14.053" errors="0" timestamp="2025-04-09T14:39:35 IST" skipped="5">
  <testcase classname="com.airtech.qa.testcases.MyWishListPageTest" name="setup" time="14.052">
    <failure message="expected [true] but found [false]" type="java.lang.AssertionError">
      <![CDATA[java.lang.AssertionError: expected [true] but found [false]
at org.testng.Assert.fail(Assert.java:111)
at org.testng.Assert.failNotEquals(Assert.java:1578)
at org.testng.Assert.assertTrue(Assert.java:57)
at org.testng.Assert.assertTrue(Assert.java:67)
at com.airtech.qa.base.BaseClass.loginToApplication(BaseClass.java:78)
at com.airtech.qa.testcases.MyWishListPageTest.setup(MyWishListPageTest.java:33)
at java.base/jdk.internal.reflect.DirectMethodHandleAccessor.invoke(DirectMethodHandleAccessor.java:103)
at java.base/java.lang.reflect.Method.invoke(Method.java:580)
at org.testng.internal.invokers.MethodInvocationHelper.invokeMethod(MethodInvocationHelper.java:141)
at org.testng.internal.invokers.MethodInvocationHelper.invokeMethodConsideringTimeout(MethodInvocationHelper.java:71)
at org.testng.internal.invokers.ConfigInvoker.invokeConfigurationMethod(ConfigInvoker.java:400)
at org.testng.internal.invokers.ConfigInvoker.invokeConfigurations(ConfigInvoker.java:333)
at org.testng.TestRunner.invokeTestConfigurations(TestRunner.java:655)
at org.testng.TestRunner.beforeRun(TestRunner.java:644)
at org.testng.TestRunner.run(TestRunner.java:610)
at org.testng.SuiteRunner.runTest(SuiteRunner.java:421)
at org.testng.SuiteRunner.runSequentially(SuiteRunner.java:413)
at org.testng.SuiteRunner.privateRun(SuiteRunner.java:373)
at org.testng.SuiteRunner.run(SuiteRunner.java:312)
at org.testng.SuiteRunnerWorker.runSuite(SuiteRunnerWorker.java:52)
at org.testng.SuiteRunnerWorker.run(SuiteRunnerWorker.java:95)
at org.testng.TestNG.runSuitesSequentially(TestNG.java:1274)
at org.testng.TestNG.runSuitesLocally(TestNG.java:1208)
at org.testng.TestNG.runSuites(TestNG.java:1112)
at org.testng.TestNG.run(TestNG.java:1079)
at org.testng.remote.AbstractRemoteTestNG.run(AbstractRemoteTestNG.java:115)
at org.testng.remote.RemoteTestNG.initAndRun(RemoteTestNG.java:293)
at org.testng.remote.RemoteTestNG.main(RemoteTestNG.java:91)
]]>
    </failure>
  </testcase> <!-- setup -->
  <testcase classname="com.airtech.qa.testcases.MyWishListPageTest" name="ShowTest" time="0.001">
    <skipped/>
  </testcase> <!-- ShowTest -->
  <testcase classname="com.airtech.qa.testcases.MyWishListPageTest" name="MyWishlistTest" time="0.000">
    <skipped/>
  </testcase> <!-- MyWishlistTest -->
  <testcase classname="com.airtech.qa.testcases.MyWishListPageTest" name="EditTest" time="0.000">
    <skipped/>
  </testcase> <!-- EditTest -->
  <testcase classname="com.airtech.qa.testcases.MyWishListPageTest" name="commenttest" time="0.000">
    <skipped/>
  </testcase> <!-- commenttest -->
  <testcase classname="com.airtech.qa.testcases.MyWishListPageTest" name="removebtntest" time="0.000">
    <skipped/>
  </testcase> <!-- removebtntest -->
</testsuite> <!-- com.airtech.qa.testcases.MyWishListPageTest -->
