<?xml version="1.0" encoding="UTF-8"?>
<!-- Generated by org.testng.reporters.JUnitReportReporter -->
<testsuite hostname="DESKTOP-3N7FDE7" failures="0" tests="22" name="com.airtech.qa.testcases.ProductPageTest" time="421.998" errors="0" timestamp="2025-04-22T16:11:34 IST" skipped="0">
  <testcase classname="com.airtech.qa.testcases.ProductPageTest" name="CartPageTest" time="11.900"/>
  <testcase classname="com.airtech.qa.testcases.ProductPageTest" name="ProductDetailTest" time="16.068"/>
  <testcase classname="com.airtech.qa.testcases.ProductPageTest" name="CloseCartTest" time="9.460"/>
  <testcase classname="com.airtech.qa.testcases.ProductPageTest" name="ProductDetailPageTest" time="12.906"/>
  <testcase classname="com.airtech.qa.testcases.ProductPageTest" name="SortToggleTest" time="10.293"/>
  <testcase classname="com.airtech.qa.testcases.ProductPageTest" name="IsWebsitesDisplayed" time="7.599"/>
  <testcase classname="com.airtech.qa.testcases.ProductPageTest" name="Isnoofitemdisplayed" time="8.614"/>
  <testcase classname="com.airtech.qa.testcases.ProductPageTest" name="IsCategoryDisplayed" time="8.435"/>
  <testcase classname="com.airtech.qa.testcases.ProductPageTest" name="IsFeaturedDisplayed" time="8.426"/>
  <testcase classname="com.airtech.qa.testcases.ProductPageTest" name="IsPriceDisplayed" time="9.396"/>
  <testcase classname="com.airtech.qa.testcases.ProductPageTest" name="AreLinksDisplayed" time="7.644"/>
  <testcase classname="com.airtech.qa.testcases.ProductPageTest" name="IsSortDisplayed" time="8.746"/>
  <testcase classname="com.airtech.qa.testcases.ProductPageTest" name="IsShowDisplayed" time="10.028"/>
  <testcase classname="com.airtech.qa.testcases.ProductPageTest" name="SortByPriceTest" time="10.091"/>
  <testcase classname="com.airtech.qa.testcases.ProductPageTest" name="SortByNameTest" time="10.258"/>
  <testcase classname="com.airtech.qa.testcases.ProductPageTest" name="ShowItemsTest" time="15.610"/>
  <testcase classname="com.airtech.qa.testcases.ProductPageTest" name="QuickgotoprodTest" time="15.874"/>
  <testcase classname="com.airtech.qa.testcases.ProductPageTest" name="QuickShopTest" time="14.807"/>
  <testcase classname="com.airtech.qa.testcases.ProductPageTest" name="QuickCheckoutTest" time="18.066"/>
  <testcase classname="com.airtech.qa.testcases.ProductPageTest" name="checkAllCategoriesTest" time="132.345"/>
  <testcase classname="com.airtech.qa.testcases.ProductPageTest" name="checkAllPriceCategoriesTest" time="57.531"/>
  <testcase classname="com.airtech.qa.testcases.ProductPageTest" name="WishListSuccessTest" time="17.901"/>
</testsuite> <!-- com.airtech.qa.testcases.ProductPageTest -->
