<?xml version="1.0" encoding="UTF-8"?>
<!-- Generated by org.testng.reporters.JUnitReportReporter -->
<testsuite hostname="DESKTOP-3N7FDE7" failures="0" tests="18" name="com.airtech.qa.testcases.ProductDetailPageTest" time="36.408" errors="0" timestamp="2025-08-21T10:48:20 IST" skipped="0">
  <testcase classname="com.airtech.qa.testcases.ProductDetailPageTest" name="IsdetailDisplayed" time="0.141"/>
  <testcase classname="com.airtech.qa.testcases.ProductDetailPageTest" name="IsMoreInfoDisplayed" time="0.069"/>
  <testcase classname="com.airtech.qa.testcases.ProductDetailPageTest" name="IsReviewDisplayed" time="0.045"/>
  <testcase classname="com.airtech.qa.testcases.ProductDetailPageTest" name="IsPriceDisplayed" time="0.053"/>
  <testcase classname="com.airtech.qa.testcases.ProductDetailPageTest" name="IsProductNameDisplayed" time="0.054"/>
  <testcase classname="com.airtech.qa.testcases.ProductDetailPageTest" name="IsReviewGivenDisplayed" time="0.049"/>
  <testcase classname="com.airtech.qa.testcases.ProductDetailPageTest" name="IsDescDisplayed" time="0.056"/>
  <testcase classname="com.airtech.qa.testcases.ProductDetailPageTest" name="IsStockSKUDisplayed" time="0.066"/>
  <testcase classname="com.airtech.qa.testcases.ProductDetailPageTest" name="IsStockDisplayed" time="0.069"/>
  <testcase classname="com.airtech.qa.testcases.ProductDetailPageTest" name="IsIncrementDisplayed" time="0.057"/>
  <testcase classname="com.airtech.qa.testcases.ProductDetailPageTest" name="nextproductTest" time="3.557"/>
  <testcase classname="com.airtech.qa.testcases.ProductDetailPageTest" name="previousproductTest" time="2.120"/>
  <testcase classname="com.airtech.qa.testcases.ProductDetailPageTest" name="QuantityIncrementTest" time="0.593"/>
  <testcase classname="com.airtech.qa.testcases.ProductDetailPageTest" name="QuantityDecrementTest" time="0.602"/>
  <testcase classname="com.airtech.qa.testcases.ProductDetailPageTest" name="CartSuccessTest" time="10.630"/>
  <testcase classname="com.airtech.qa.testcases.ProductDetailPageTest" name="CompareSuccessTest" time="6.666"/>
  <testcase classname="com.airtech.qa.testcases.ProductDetailPageTest" name="WishListFailureTest" time="1.704"/>
  <testcase classname="com.airtech.qa.testcases.ProductDetailPageTest" name="WishListSuccessTest" time="9.877"/>
</testsuite> <!-- com.airtech.qa.testcases.ProductDetailPageTest -->
