<?xml version="1.0" encoding="UTF-8"?>
<!-- Generated by org.testng.reporters.JUnitReportReporter -->
<testsuite hostname="DESKTOP-3N7FDE7" failures="0" tests="18" name="com.airtech.qa.testcases.ProductDetailPageTest" time="47.580" errors="0" timestamp="2025-06-05T14:47:41 IST" skipped="0">
  <testcase classname="com.airtech.qa.testcases.ProductDetailPageTest" name="IsdetailDisplayed" time="0.270"/>
  <testcase classname="com.airtech.qa.testcases.ProductDetailPageTest" name="IsMoreInfoDisplayed" time="0.075"/>
  <testcase classname="com.airtech.qa.testcases.ProductDetailPageTest" name="IsReviewDisplayed" time="0.093"/>
  <testcase classname="com.airtech.qa.testcases.ProductDetailPageTest" name="IsPriceDisplayed" time="0.232"/>
  <testcase classname="com.airtech.qa.testcases.ProductDetailPageTest" name="IsProductNameDisplayed" time="0.088"/>
  <testcase classname="com.airtech.qa.testcases.ProductDetailPageTest" name="IsReviewGivenDisplayed" time="0.067"/>
  <testcase classname="com.airtech.qa.testcases.ProductDetailPageTest" name="IsDescDisplayed" time="0.075"/>
  <testcase classname="com.airtech.qa.testcases.ProductDetailPageTest" name="IsStockSKUDisplayed" time="0.078"/>
  <testcase classname="com.airtech.qa.testcases.ProductDetailPageTest" name="IsStockDisplayed" time="0.099"/>
  <testcase classname="com.airtech.qa.testcases.ProductDetailPageTest" name="IsIncrementDisplayed" time="0.091"/>
  <testcase classname="com.airtech.qa.testcases.ProductDetailPageTest" name="nextproductTest" time="4.790"/>
  <testcase classname="com.airtech.qa.testcases.ProductDetailPageTest" name="previousproductTest" time="4.058"/>
  <testcase classname="com.airtech.qa.testcases.ProductDetailPageTest" name="QuantityIncrementTest" time="0.886"/>
  <testcase classname="com.airtech.qa.testcases.ProductDetailPageTest" name="QuantityDecrementTest" time="0.421"/>
  <testcase classname="com.airtech.qa.testcases.ProductDetailPageTest" name="CartSuccessTest" time="8.650"/>
  <testcase classname="com.airtech.qa.testcases.ProductDetailPageTest" name="CompareSuccessTest" time="10.252"/>
  <testcase classname="com.airtech.qa.testcases.ProductDetailPageTest" name="WishListFailureTest" time="2.715"/>
  <testcase classname="com.airtech.qa.testcases.ProductDetailPageTest" name="WishListSuccessTest" time="14.640"/>
</testsuite> <!-- com.airtech.qa.testcases.ProductDetailPageTest -->
