<?xml version="1.0" encoding="UTF-8"?>
<!-- Generated by org.testng.reporters.JUnitReportReporter -->
<testsuite hostname="DESKTOP-3N7FDE7" failures="0" tests="3" name="com.airtech.qa.testcases.AccountInfoPageTest" time="5.115" errors="0" timestamp="2025-04-15T11:53:38 IST" skipped="0">
  <testcase classname="com.airtech.qa.testcases.AccountInfoPageTest" name="AccountInfoTest" time="2.151"/>
  <testcase classname="com.airtech.qa.testcases.AccountInfoPageTest" name="ChangeEmailTest" time="2.612"/>
  <testcase classname="com.airtech.qa.testcases.AccountInfoPageTest" name="PasswordMeterTest" time="0.352"/>
</testsuite> <!-- com.airtech.qa.testcases.AccountInfoPageTest -->
