<?xml version="1.0" encoding="UTF-8"?>
<!-- Generated by org.testng.reporters.JUnitReportReporter -->
<testsuite hostname="DESKTOP-3N7FDE7" failures="0" tests="7" name="com.airtech.qa.testcases.LoginPageTest" time="12.390" errors="0" timestamp="2025-04-07T17:40:39 IST" skipped="0">
  <testcase classname="com.airtech.qa.testcases.LoginPageTest" name="ClickUserTest" time="0.460"/>
  <testcase classname="com.airtech.qa.testcases.LoginPageTest" name="LoginTextTest" time="0.055"/>
  <testcase classname="com.airtech.qa.testcases.LoginPageTest" name="ValidationTest" time="0.179"/>
  <testcase classname="com.airtech.qa.testcases.LoginPageTest" name="registertest" time="4.805"/>
  <testcase classname="com.airtech.qa.testcases.LoginPageTest" name="ForgotPasswordTest" time="3.020"/>
  <testcase classname="com.airtech.qa.testcases.LoginPageTest" name="ToggleTest" time="0.857"/>
  <testcase classname="com.airtech.qa.testcases.LoginPageTest" name="logintest" time="3.014"/>
</testsuite> <!-- com.airtech.qa.testcases.LoginPageTest -->
