<?xml version="1.0" encoding="UTF-8"?>
<!-- Generated by org.testng.reporters.JUnitReportReporter -->
<testsuite hostname="DESKTOP-3N7FDE7" failures="1" tests="8" name="com.airtech.qa.testcases.ComparePageTest" time="137.096" errors="0" timestamp="2025-04-22T16:11:34 IST" skipped="0">
  <testcase classname="com.airtech.qa.testcases.ComparePageTest" name="IsComparetextDisplayed" time="14.668"/>
  <testcase classname="com.airtech.qa.testcases.ComparePageTest" name="IsDescriptionDisplayed" time="14.442"/>
  <testcase classname="com.airtech.qa.testcases.ComparePageTest" name="IsPricesDisplayed" time="16.583"/>
  <testcase classname="com.airtech.qa.testcases.ComparePageTest" name="ClickProductTest" time="19.872"/>
  <testcase classname="com.airtech.qa.testcases.ComparePageTest" name="ClickWishlistTest" time="16.751">
    <failure message="expected [MY WISHLIST] but found [Products Comparison List - Estore Airtech Advanced Materials UK Ltd]" type="java.lang.AssertionError">
      <![CDATA[java.lang.AssertionError: expected [MY WISHLIST] but found [Products Comparison List - Estore Airtech Advanced Materials UK Ltd]
at org.testng.Assert.fail(Assert.java:111)
at org.testng.Assert.failNotEquals(Assert.java:1578)
at org.testng.Assert.assertEqualsImpl(Assert.java:150)
at org.testng.Assert.assertEquals(Assert.java:132)
at org.testng.Assert.assertEquals(Assert.java:656)
at org.testng.Assert.assertEquals(Assert.java:666)
at com.airtech.qa.testcases.ComparePageTest.ClickWishlistTest(ComparePageTest.java:89)
at java.base/jdk.internal.reflect.DirectMethodHandleAccessor.invoke(DirectMethodHandleAccessor.java:103)
at java.base/java.lang.reflect.Method.invoke(Method.java:580)
at org.testng.internal.invokers.MethodInvocationHelper.invokeMethod(MethodInvocationHelper.java:141)
at org.testng.internal.invokers.TestInvoker.invokeMethod(TestInvoker.java:686)
at org.testng.internal.invokers.TestInvoker.invokeTestMethod(TestInvoker.java:230)
at org.testng.internal.invokers.MethodRunner.runInSequence(MethodRunner.java:63)
at org.testng.internal.invokers.TestInvoker$MethodInvocationAgent.invoke(TestInvoker.java:992)
at org.testng.internal.invokers.TestInvoker.invokeTestMethods(TestInvoker.java:203)
at org.testng.internal.invokers.TestMethodWorker.invokeTestMethods(TestMethodWorker.java:154)
at org.testng.internal.invokers.TestMethodWorker.run(TestMethodWorker.java:134)
at java.base/java.util.ArrayList.forEach(ArrayList.java:1597)
at org.testng.TestRunner.privateRun(TestRunner.java:739)
at org.testng.TestRunner.run(TestRunner.java:614)
at org.testng.SuiteRunner.runTest(SuiteRunner.java:421)
at org.testng.SuiteRunner.runSequentially(SuiteRunner.java:413)
at org.testng.SuiteRunner.privateRun(SuiteRunner.java:373)
at org.testng.SuiteRunner.run(SuiteRunner.java:312)
at org.testng.SuiteRunnerWorker.runSuite(SuiteRunnerWorker.java:52)
at org.testng.SuiteRunnerWorker.run(SuiteRunnerWorker.java:95)
at org.testng.TestNG.runSuitesSequentially(TestNG.java:1274)
at org.testng.TestNG.runSuitesLocally(TestNG.java:1208)
at org.testng.TestNG.runSuites(TestNG.java:1112)
at org.testng.TestNG.run(TestNG.java:1079)
at org.testng.remote.AbstractRemoteTestNG.run(AbstractRemoteTestNG.java:115)
at org.testng.remote.RemoteTestNG.initAndRun(RemoteTestNG.java:293)
at org.testng.remote.RemoteTestNG.main(RemoteTestNG.java:91)
]]>
    </failure>
  </testcase> <!-- ClickWishlistTest -->
  <testcase classname="com.airtech.qa.testcases.ComparePageTest" name="addtoCartTest" time="22.947"/>
  <testcase classname="com.airtech.qa.testcases.ComparePageTest" name="IsProductsDisplayed" time="16.471"/>
  <testcase classname="com.airtech.qa.testcases.ComparePageTest" name="removeProductTest" time="15.362"/>
</testsuite> <!-- com.airtech.qa.testcases.ComparePageTest -->
