<?xml version="1.0" encoding="UTF-8"?>
<!-- Generated by org.testng.reporters.JUnitReportReporter -->
<testsuite hostname="DESKTOP-3N7FDE7" failures="0" tests="4" name="com.airtech.qa.testcases.CartPageTest" time="15.209" errors="0" timestamp="2025-04-03T16:50:53 IST" skipped="0">
  <testcase classname="com.airtech.qa.testcases.CartPageTest" name="IsDiscountDisplayed" time="0.507"/>
  <testcase classname="com.airtech.qa.testcases.CartPageTest" name="EditTest" time="4.750"/>
  <testcase classname="com.airtech.qa.testcases.CartPageTest" name="ProductQuantityTest" time="7.831"/>
  <testcase classname="com.airtech.qa.testcases.CartPageTest" name="ProdremoveTest" time="2.121"/>
</testsuite> <!-- com.airtech.qa.testcases.CartPageTest -->
