<?xml version="1.0" encoding="UTF-8"?>
<!-- Generated by org.testng.reporters.JUnitReportReporter -->
<testsuite hostname="DESKTOP-3N7FDE7" failures="0" tests="3" name="com.airtech.qa.testcases.AccountInfoPageTest" time="1.739" errors="0" timestamp="2025-05-13T15:50:20 IST" skipped="0">
  <testcase classname="com.airtech.qa.testcases.AccountInfoPageTest" name="AccountInfoTest" time="0.347"/>
  <testcase classname="com.airtech.qa.testcases.AccountInfoPageTest" name="ChangeEmailTest" time="1.091"/>
  <testcase classname="com.airtech.qa.testcases.AccountInfoPageTest" name="PasswordMeterTest" time="0.301"/>
</testsuite> <!-- com.airtech.qa.testcases.AccountInfoPageTest -->
