<?xml version="1.0" encoding="UTF-8"?>
<!-- Generated by org.testng.reporters.JUnitReportReporter -->
<testsuite hostname="DESKTOP-3N7FDE7" failures="0" tests="6" name="com.airtech.qa.testcases.AddressPageTest" time="17.622" errors="0" timestamp="2025-05-12T18:21:17 IST" skipped="0">
  <testcase classname="com.airtech.qa.testcases.AddressPageTest" name="Addressbookclick" time="0.570"/>
  <testcase classname="com.airtech.qa.testcases.AddressPageTest" name="ChangeshipTest" time="7.318"/>
  <testcase classname="com.airtech.qa.testcases.AddressPageTest" name="ChangebillTest" time="5.045"/>
  <testcase classname="com.airtech.qa.testcases.AddressPageTest" name="IsadditionaladdDisplayed" time="0.292"/>
  <testcase classname="com.airtech.qa.testcases.AddressPageTest" name="NewAddbtnClick" time="3.806"/>
  <testcase classname="com.airtech.qa.testcases.AddressPageTest" name="AddnewAddressTest" time="0.591"/>
</testsuite> <!-- com.airtech.qa.testcases.AddressPageTest -->
