<?xml version="1.0" encoding="UTF-8"?>
<!-- Generated by org.testng.reporters.JUnitReportReporter -->
<testsuite hostname="DESKTOP-3N7FDE7" failures="0" tests="1" name="com.airtech.qa.testcases.CartPageTest" time="10.555" errors="0" timestamp="2025-05-22T11:48:04 IST" skipped="0">
  <testcase classname="com.airtech.qa.testcases.CartPageTest" name="UpdateCartTest" time="10.555"/>
</testsuite> <!-- com.airtech.qa.testcases.CartPageTest -->
