<?xml version="1.0" encoding="UTF-8"?>
<!-- Generated by org.testng.reporters.JUnitReportReporter -->
<testsuite hostname="DESKTOP-3N7FDE7" failures="0" tests="4" name="com.airtech.qa.testcases.ContactPageTest" time="2.627" errors="0" timestamp="2025-06-03T13:23:10 IST" skipped="0">
  <testcase classname="com.airtech.qa.testcases.ContactPageTest" name="NameTest" time="0.598"/>
  <testcase classname="com.airtech.qa.testcases.ContactPageTest" name="ContactbtnTest" time="0.117"/>
  <testcase classname="com.airtech.qa.testcases.ContactPageTest" name="ContactAllNegativeTest" time="1.277"/>
  <testcase classname="com.airtech.qa.testcases.ContactPageTest" name="InvalidEmailTest" time="0.635"/>
</testsuite> <!-- com.airtech.qa.testcases.ContactPageTest -->
