<?xml version="1.0" encoding="UTF-8"?>
<!-- Generated by org.testng.reporters.JUnitReportReporter -->
<testsuite hostname="DESKTOP-3N7FDE7" failures="0" tests="4" name="com.airtech.qa.testcases.RegistrationPageTest" time="60.245" errors="0" timestamp="2025-04-24T11:21:21 IST" skipped="0">
  <testcase classname="com.airtech.qa.testcases.RegistrationPageTest" name="RegistrationTest" time="10.980"/>
  <testcase classname="com.airtech.qa.testcases.RegistrationPageTest" name="ValidationTest" time="14.259"/>
  <testcase classname="com.airtech.qa.testcases.RegistrationPageTest" name="PasswordMeterTest" time="24.668"/>
  <testcase classname="com.airtech.qa.testcases.RegistrationPageTest" name="PasswordToggleTest" time="10.338"/>
</testsuite> <!-- com.airtech.qa.testcases.RegistrationPageTest -->
