<?xml version="1.0" encoding="UTF-8"?>
<!-- Generated by org.testng.reporters.JUnitReportReporter -->
<testsuite hostname="DESKTOP-3N7FDE7" failures="0" tests="5" name="com.airtech.qa.testcases.AddressPageTest" time="67.519" errors="0" timestamp="2025-08-22T12:57:46 IST" skipped="0">
  <testcase classname="com.airtech.qa.testcases.AddressPageTest" name="Addressbookclick" time="10.338"/>
  <testcase classname="com.airtech.qa.testcases.AddressPageTest" name="ChangeshipTest" time="16.923"/>
  <testcase classname="com.airtech.qa.testcases.AddressPageTest" name="ChangebillTest" time="17.875"/>
  <testcase classname="com.airtech.qa.testcases.AddressPageTest" name="IsadditionaladdDisplayed" time="10.617"/>
  <testcase classname="com.airtech.qa.testcases.AddressPageTest" name="AddnewAddressTest" time="11.766"/>
</testsuite> <!-- com.airtech.qa.testcases.AddressPageTest -->
