<?xml version="1.0" encoding="UTF-8"?>
<!-- Generated by org.testng.reporters.JUnitReportReporter -->
<testsuite hostname="DESKTOP-3N7FDE7" failures="0" tests="1" name="com.airtech.qa.testcases.ProductDetailPageTest" time="8.646" errors="0" timestamp="2025-04-18T18:27:28 IST" skipped="0">
  <testcase classname="com.airtech.qa.testcases.ProductDetailPageTest" name="WishListSuccessTest" time="8.646"/>
</testsuite> <!-- com.airtech.qa.testcases.ProductDetailPageTest -->
