<?xml version="1.0" encoding="UTF-8"?>
<!-- Generated by org.testng.reporters.JUnitReportReporter -->
<testsuite hostname="DESKTOP-3N7FDE7" failures="1" tests="13" name="com.airtech.qa.testcases.AddressPageTest" time="11.974" errors="0" timestamp="2025-04-08T16:57:55 IST" skipped="12">
  <testcase classname="com.airtech.qa.testcases.AddressPageTest" name="setup" time="11.972">
    <failure message="expected [true] but found [false]" type="java.lang.AssertionError">
      <![CDATA[java.lang.AssertionError: expected [true] but found [false]
at org.testng.Assert.fail(Assert.java:111)
at org.testng.Assert.failNotEquals(Assert.java:1578)
at org.testng.Assert.assertTrue(Assert.java:57)
at org.testng.Assert.assertTrue(Assert.java:67)
at com.airtech.qa.base.BaseClass.loginToApplication(BaseClass.java:79)
at com.airtech.qa.testcases.AddressPageTest.setup(AddressPageTest.java:28)
at java.base/jdk.internal.reflect.DirectMethodHandleAccessor.invoke(DirectMethodHandleAccessor.java:103)
at java.base/java.lang.reflect.Method.invoke(Method.java:580)
at org.testng.internal.invokers.MethodInvocationHelper.invokeMethod(MethodInvocationHelper.java:141)
at org.testng.internal.invokers.MethodInvocationHelper.invokeMethodConsideringTimeout(MethodInvocationHelper.java:71)
at org.testng.internal.invokers.ConfigInvoker.invokeConfigurationMethod(ConfigInvoker.java:400)
at org.testng.internal.invokers.ConfigInvoker.invokeConfigurations(ConfigInvoker.java:333)
at org.testng.TestRunner.invokeTestConfigurations(TestRunner.java:655)
at org.testng.TestRunner.beforeRun(TestRunner.java:644)
at org.testng.TestRunner.run(TestRunner.java:610)
at org.testng.SuiteRunner.runTest(SuiteRunner.java:421)
at org.testng.SuiteRunner.runSequentially(SuiteRunner.java:413)
at org.testng.SuiteRunner.privateRun(SuiteRunner.java:373)
at org.testng.SuiteRunner.run(SuiteRunner.java:312)
at org.testng.SuiteRunnerWorker.runSuite(SuiteRunnerWorker.java:52)
at org.testng.SuiteRunnerWorker.run(SuiteRunnerWorker.java:95)
at org.testng.TestNG.runSuitesSequentially(TestNG.java:1274)
at org.testng.TestNG.runSuitesLocally(TestNG.java:1208)
at org.testng.TestNG.runSuites(TestNG.java:1112)
at org.testng.TestNG.run(TestNG.java:1079)
at org.testng.remote.AbstractRemoteTestNG.run(AbstractRemoteTestNG.java:115)
at org.testng.remote.RemoteTestNG.initAndRun(RemoteTestNG.java:293)
at org.testng.remote.RemoteTestNG.main(RemoteTestNG.java:91)
]]>
    </failure>
  </testcase> <!-- setup -->
  <testcase classname="com.airtech.qa.testcases.AddressPageTest" name="Addressbookclick" time="0.000">
    <skipped/>
  </testcase> <!-- Addressbookclick -->
  <testcase classname="com.airtech.qa.testcases.AddressPageTest" name="IsAddressbookDisplayed" time="0.000">
    <skipped/>
  </testcase> <!-- IsAddressbookDisplayed -->
  <testcase classname="com.airtech.qa.testcases.AddressPageTest" name="IsdefaddressDisplayed" time="0.000">
    <skipped/>
  </testcase> <!-- IsdefaddressDisplayed -->
  <testcase classname="com.airtech.qa.testcases.AddressPageTest" name="IsdefbillDisplayed" time="0.000">
    <skipped/>
  </testcase> <!-- IsdefbillDisplayed -->
  <testcase classname="com.airtech.qa.testcases.AddressPageTest" name="IsbillboxDisplayed" time="0.000">
    <skipped/>
  </testcase> <!-- IsbillboxDisplayed -->
  <testcase classname="com.airtech.qa.testcases.AddressPageTest" name="IsdefshipDisplayed" time="0.000">
    <skipped/>
  </testcase> <!-- IsdefshipDisplayed -->
  <testcase classname="com.airtech.qa.testcases.AddressPageTest" name="IsshipboxDisplayed" time="0.000">
    <skipped/>
  </testcase> <!-- IsshipboxDisplayed -->
  <testcase classname="com.airtech.qa.testcases.AddressPageTest" name="ChangeshipTest" time="0.001">
    <skipped/>
  </testcase> <!-- ChangeshipTest -->
  <testcase classname="com.airtech.qa.testcases.AddressPageTest" name="ChangebillTest" time="0.000">
    <skipped/>
  </testcase> <!-- ChangebillTest -->
  <testcase classname="com.airtech.qa.testcases.AddressPageTest" name="IsadditionaladdDisplayed" time="0.001">
    <skipped/>
  </testcase> <!-- IsadditionaladdDisplayed -->
  <testcase classname="com.airtech.qa.testcases.AddressPageTest" name="NewAddbtnClick" time="0.000">
    <skipped/>
  </testcase> <!-- NewAddbtnClick -->
  <testcase classname="com.airtech.qa.testcases.AddressPageTest" name="AddnewAddressTest" time="0.000">
    <skipped/>
  </testcase> <!-- AddnewAddressTest -->
</testsuite> <!-- com.airtech.qa.testcases.AddressPageTest -->
