<?xml version="1.0" encoding="UTF-8"?>
<!-- Generated by org.testng.reporters.JUnitReportReporter -->
<testsuite hostname="DESKTOP-3N7FDE7" failures="0" tests="4" name="com.airtech.qa.testcases.ContactPageTest" time="39.282" errors="0" timestamp="2025-08-21T11:08:35 IST" skipped="0">
  <testcase classname="com.airtech.qa.testcases.ContactPageTest" name="NameTest" time="9.438"/>
  <testcase classname="com.airtech.qa.testcases.ContactPageTest" name="ContactbtnTest" time="7.839"/>
  <testcase classname="com.airtech.qa.testcases.ContactPageTest" name="ContactAllNegativeTest" time="11.192"/>
  <testcase classname="com.airtech.qa.testcases.ContactPageTest" name="InvalidEmailTest" time="10.813"/>
</testsuite> <!-- com.airtech.qa.testcases.ContactPageTest -->
