<?xml version="1.0" encoding="UTF-8"?>
<!-- Generated by org.testng.reporters.JUnitReportReporter -->
<testsuite hostname="DESKTOP-3N7FDE7" failures="0" tests="6" name="com.airtech.qa.testcases.LoginPageTest" time="22.651" errors="0" timestamp="2025-08-21T11:09:40 IST" skipped="0">
  <testcase classname="com.airtech.qa.testcases.LoginPageTest" name="LoginTextTest" time="0.230"/>
  <testcase classname="com.airtech.qa.testcases.LoginPageTest" name="ValidationTest" time="0.185"/>
  <testcase classname="com.airtech.qa.testcases.LoginPageTest" name="registertest" time="3.697"/>
  <testcase classname="com.airtech.qa.testcases.LoginPageTest" name="ForgotPasswordTest" time="4.928"/>
  <testcase classname="com.airtech.qa.testcases.LoginPageTest" name="ToggleTest" time="1.061"/>
  <testcase classname="com.airtech.qa.testcases.LoginPageTest" name="logintest" time="12.550"/>
</testsuite> <!-- com.airtech.qa.testcases.LoginPageTest -->
