<?xml version="1.0" encoding="UTF-8"?>
<!-- Generated by org.testng.reporters.JUnitReportReporter -->
<testsuite hostname="DESKTOP-3N7FDE7" failures="0" tests="6" name="com.airtech.qa.testcases.ComparePageTest" time="33.914" errors="0" timestamp="2025-08-22T18:06:51 IST" skipped="0">
  <testcase classname="com.airtech.qa.testcases.ComparePageTest" name="ClickProductTest" time="3.261"/>
  <testcase classname="com.airtech.qa.testcases.ComparePageTest" name="addtoCartTest" time="15.331"/>
  <testcase classname="com.airtech.qa.testcases.ComparePageTest" name="IsContentsDisplayed" time="0.117"/>
  <testcase classname="com.airtech.qa.testcases.ComparePageTest" name="ClickWishlistTest" time="0.052"/>
  <testcase classname="com.airtech.qa.testcases.ComparePageTest" name="WishlistSuccessTest" time="10.030"/>
  <testcase classname="com.airtech.qa.testcases.ComparePageTest" name="removeProductTest" time="5.123"/>
</testsuite> <!-- com.airtech.qa.testcases.ComparePageTest -->
