<?xml version="1.0" encoding="UTF-8"?>
<!-- Generated by org.testng.reporters.JUnitReportReporter -->
<testsuite hostname="DESKTOP-3N7FDE7" failures="0" tests="6" name="com.airtech.qa.testcases.LoginPageTest" time="82.445" errors="0" timestamp="2025-04-24T11:31:18 IST" skipped="0">
  <testcase classname="com.airtech.qa.testcases.LoginPageTest" name="LoginTextTest" time="9.159"/>
  <testcase classname="com.airtech.qa.testcases.LoginPageTest" name="ValidationTest" time="9.686"/>
  <testcase classname="com.airtech.qa.testcases.LoginPageTest" name="registertest" time="14.473"/>
  <testcase classname="com.airtech.qa.testcases.LoginPageTest" name="ForgotPasswordTest" time="12.073"/>
  <testcase classname="com.airtech.qa.testcases.LoginPageTest" name="ToggleTest" time="11.187"/>
  <testcase classname="com.airtech.qa.testcases.LoginPageTest" name="logintest" time="25.867"/>
</testsuite> <!-- com.airtech.qa.testcases.LoginPageTest -->
