<?xml version="1.0" encoding="UTF-8"?>
<!-- Generated by org.testng.reporters.JUnitReportReporter -->
<testsuite hostname="DESKTOP-3N7FDE7" failures="0" tests="4" name="com.airtech.qa.testcases.ContactPageTest" time="1.108" errors="0" timestamp="2025-05-12T17:14:34 IST" skipped="0">
  <testcase classname="com.airtech.qa.testcases.ContactPageTest" name="NameTest" time="0.333"/>
  <testcase classname="com.airtech.qa.testcases.ContactPageTest" name="ContactbtnTest" time="0.084"/>
  <testcase classname="com.airtech.qa.testcases.ContactPageTest" name="ContactAllNegativeTest" time="0.426"/>
  <testcase classname="com.airtech.qa.testcases.ContactPageTest" name="InvalidEmailTest" time="0.265"/>
</testsuite> <!-- com.airtech.qa.testcases.ContactPageTest -->
