<?xml version="1.0" encoding="UTF-8"?>
<!-- Generated by org.testng.reporters.JUnitReportReporter -->
<testsuite hostname="DESKTOP-3N7FDE7" failures="0" tests="2" name="com.airtech.qa.testcases.NewsLetterTest" time="6.755" errors="0" timestamp="2025-05-19T16:48:07 IST" skipped="0">
  <testcase classname="com.airtech.qa.testcases.NewsLetterTest" name="NewsLetterVisibleTest" time="2.934"/>
  <testcase classname="com.airtech.qa.testcases.NewsLetterTest" name="SaveNewsTest" time="3.821"/>
</testsuite> <!-- com.airtech.qa.testcases.NewsLetterTest -->
