<?xml version="1.0" encoding="UTF-8"?>
<!-- Generated by org.testng.reporters.JUnitReportReporter -->
<testsuite hostname="DESKTOP-3N7FDE7" failures="0" tests="4" name="com.airtech.qa.testcases.ContactPageTest" time="44.008" errors="0" timestamp="2025-04-22T17:34:56 IST" skipped="0">
  <testcase classname="com.airtech.qa.testcases.ContactPageTest" name="NameTest" time="9.672"/>
  <testcase classname="com.airtech.qa.testcases.ContactPageTest" name="ContactbtnTest" time="12.711"/>
  <testcase classname="com.airtech.qa.testcases.ContactPageTest" name="ContactAllNegativeTest" time="11.403"/>
  <testcase classname="com.airtech.qa.testcases.ContactPageTest" name="InvalidEmailTest" time="10.222"/>
</testsuite> <!-- com.airtech.qa.testcases.ContactPageTest -->
