<?xml version="1.0" encoding="UTF-8"?>
<!-- Generated by org.testng.reporters.JUnitReportReporter -->
<testsuite hostname="DESKTOP-3N7FDE7" failures="0" tests="4" name="com.airtech.qa.testcases.RegistrationPageTest" time="2.433" errors="0" timestamp="2025-08-21T11:26:54 IST" skipped="0">
  <testcase classname="com.airtech.qa.testcases.RegistrationPageTest" name="RegistrationTest" time="1.083"/>
  <testcase classname="com.airtech.qa.testcases.RegistrationPageTest" name="ValidationTest" time="0.377"/>
  <testcase classname="com.airtech.qa.testcases.RegistrationPageTest" name="PasswordMeterTest" time="0.393"/>
  <testcase classname="com.airtech.qa.testcases.RegistrationPageTest" name="PasswordToggleTest" time="0.580"/>
</testsuite> <!-- com.airtech.qa.testcases.RegistrationPageTest -->
