<?xml version="1.0" encoding="UTF-8"?>
<!-- Generated by org.testng.reporters.JUnitReportReporter -->
<testsuite hostname="DESKTOP-3N7FDE7" failures="0" tests="2" name="com.airtech.qa.testcases.ForgotPasswordTest" time="25.444" errors="0" timestamp="2025-04-22T17:37:54 IST" skipped="0">
  <testcase classname="com.airtech.qa.testcases.ForgotPasswordTest" name="ForgotTest" time="10.712"/>
  <testcase classname="com.airtech.qa.testcases.ForgotPasswordTest" name="ResetTest" time="14.732"/>
</testsuite> <!-- com.airtech.qa.testcases.ForgotPasswordTest -->
