<?xml version="1.0" encoding="UTF-8"?>
<!-- Generated by org.testng.reporters.JUnitReportReporter -->
<testsuite hostname="DESKTOP-3N7FDE7" failures="0" tests="4" name="com.airtech.qa.testcases.ContactPageTest" time="0.000" errors="0" timestamp="2025-05-30T15:38:32 IST" skipped="4">
  <testcase classname="com.airtech.qa.testcases.ContactPageTest" name="NameTest" time="0.000">
    <skipped/>
  </testcase> <!-- NameTest -->
  <testcase classname="com.airtech.qa.testcases.ContactPageTest" name="ContactbtnTest" time="0.000">
    <skipped/>
  </testcase> <!-- ContactbtnTest -->
  <testcase classname="com.airtech.qa.testcases.ContactPageTest" name="ContactAllNegativeTest" time="0.000">
    <skipped/>
  </testcase> <!-- ContactAllNegativeTest -->
  <testcase classname="com.airtech.qa.testcases.ContactPageTest" name="InvalidEmailTest" time="0.000">
    <skipped/>
  </testcase> <!-- InvalidEmailTest -->
</testsuite> <!-- com.airtech.qa.testcases.ContactPageTest -->
