<?xml version="1.0" encoding="UTF-8"?>
<!-- Generated by org.testng.reporters.JUnitReportReporter -->
<testsuite hostname="DESKTOP-3N7FDE7" failures="0" tests="15" name="com.airtech.qa.testcases.ProductPageTest" time="0.000" errors="0" timestamp="2025-05-30T15:38:32 IST" skipped="15">
  <testcase classname="com.airtech.qa.testcases.ProductPageTest" name="CloseCartTest" time="0.000">
    <skipped/>
  </testcase> <!-- CloseCartTest -->
  <testcase classname="com.airtech.qa.testcases.ProductPageTest" name="SortToggleTest" time="0.000">
    <skipped/>
  </testcase> <!-- SortToggleTest -->
  <testcase classname="com.airtech.qa.testcases.ProductPageTest" name="CartPageTest" time="0.000">
    <skipped/>
  </testcase> <!-- CartPageTest -->
  <testcase classname="com.airtech.qa.testcases.ProductPageTest" name="ProductDetailTest" time="0.000">
    <skipped/>
  </testcase> <!-- ProductDetailTest -->
  <testcase classname="com.airtech.qa.testcases.ProductPageTest" name="IsCategoryDisplayed" time="0.000">
    <skipped/>
  </testcase> <!-- IsCategoryDisplayed -->
  <testcase classname="com.airtech.qa.testcases.ProductPageTest" name="IsShowDisplayed" time="0.000">
    <skipped/>
  </testcase> <!-- IsShowDisplayed -->
  <testcase classname="com.airtech.qa.testcases.ProductPageTest" name="SortByPriceTest" time="0.000">
    <skipped/>
  </testcase> <!-- SortByPriceTest -->
  <testcase classname="com.airtech.qa.testcases.ProductPageTest" name="SortByNameTest" time="0.000">
    <skipped/>
  </testcase> <!-- SortByNameTest -->
  <testcase classname="com.airtech.qa.testcases.ProductPageTest" name="ShowItemsTest" time="0.000">
    <skipped/>
  </testcase> <!-- ShowItemsTest -->
  <testcase classname="com.airtech.qa.testcases.ProductPageTest" name="QuickgotoprodTest" time="0.000">
    <skipped/>
  </testcase> <!-- QuickgotoprodTest -->
  <testcase classname="com.airtech.qa.testcases.ProductPageTest" name="QuickShopTest" time="0.000">
    <skipped/>
  </testcase> <!-- QuickShopTest -->
  <testcase classname="com.airtech.qa.testcases.ProductPageTest" name="QuickCheckoutTest" time="0.000">
    <skipped/>
  </testcase> <!-- QuickCheckoutTest -->
  <testcase classname="com.airtech.qa.testcases.ProductPageTest" name="checkAllCategoriesTest" time="0.000">
    <skipped/>
  </testcase> <!-- checkAllCategoriesTest -->
  <testcase classname="com.airtech.qa.testcases.ProductPageTest" name="checkAllPriceCategoriesTest" time="0.000">
    <skipped/>
  </testcase> <!-- checkAllPriceCategoriesTest -->
  <testcase classname="com.airtech.qa.testcases.ProductPageTest" name="WishListSuccessTest" time="0.000">
    <skipped/>
  </testcase> <!-- WishListSuccessTest -->
</testsuite> <!-- com.airtech.qa.testcases.ProductPageTest -->
