<?xml version="1.0" encoding="UTF-8"?>
<!-- Generated by org.testng.reporters.JUnitReportReporter -->
<testsuite hostname="DESKTOP-3N7FDE7" failures="0" tests="5" name="com.airtech.qa.testcases.AccountInfoPageTest" time="0.002" errors="0" timestamp="2025-05-30T15:38:32 IST" skipped="5">
  <testcase classname="com.airtech.qa.testcases.AccountInfoPageTest" name="AccountInfoTest" time="0.000">
    <skipped/>
  </testcase> <!-- AccountInfoTest -->
  <testcase classname="com.airtech.qa.testcases.AccountInfoPageTest" name="ChangeEmailTest" time="0.000">
    <skipped/>
  </testcase> <!-- ChangeEmailTest -->
  <testcase classname="com.airtech.qa.testcases.AccountInfoPageTest" name="PasswordMeterTest" time="0.000">
    <skipped/>
  </testcase> <!-- PasswordMeterTest -->
  <testcase classname="com.airtech.qa.testcases.AccountInfoPageTest" name="ShowPasswordTest" time="0.001">
    <skipped/>
  </testcase> <!-- ShowPasswordTest -->
  <testcase classname="com.airtech.qa.testcases.AccountInfoPageTest" name="SaveInfoTest" time="0.001">
    <skipped/>
  </testcase> <!-- SaveInfoTest -->
</testsuite> <!-- com.airtech.qa.testcases.AccountInfoPageTest -->
