<?xml version="1.0" encoding="UTF-8"?>
<!-- Generated by org.testng.reporters.JUnitReportReporter -->
<testsuite hostname="DESKTOP-3N7FDE7" failures="0" tests="18" name="com.airtech.qa.testcases.ProductDetailPageTest" time="0.000" errors="0" timestamp="2025-05-30T15:38:32 IST" skipped="18">
  <testcase classname="com.airtech.qa.testcases.ProductDetailPageTest" name="IsdetailDisplayed" time="0.000">
    <skipped/>
  </testcase> <!-- IsdetailDisplayed -->
  <testcase classname="com.airtech.qa.testcases.ProductDetailPageTest" name="IsMoreInfoDisplayed" time="0.000">
    <skipped/>
  </testcase> <!-- IsMoreInfoDisplayed -->
  <testcase classname="com.airtech.qa.testcases.ProductDetailPageTest" name="IsReviewDisplayed" time="0.000">
    <skipped/>
  </testcase> <!-- IsReviewDisplayed -->
  <testcase classname="com.airtech.qa.testcases.ProductDetailPageTest" name="IsPriceDisplayed" time="0.000">
    <skipped/>
  </testcase> <!-- IsPriceDisplayed -->
  <testcase classname="com.airtech.qa.testcases.ProductDetailPageTest" name="IsProductNameDisplayed" time="0.000">
    <skipped/>
  </testcase> <!-- IsProductNameDisplayed -->
  <testcase classname="com.airtech.qa.testcases.ProductDetailPageTest" name="IsReviewGivenDisplayed" time="0.000">
    <skipped/>
  </testcase> <!-- IsReviewGivenDisplayed -->
  <testcase classname="com.airtech.qa.testcases.ProductDetailPageTest" name="IsDescDisplayed" time="0.000">
    <skipped/>
  </testcase> <!-- IsDescDisplayed -->
  <testcase classname="com.airtech.qa.testcases.ProductDetailPageTest" name="IsStockSKUDisplayed" time="0.000">
    <skipped/>
  </testcase> <!-- IsStockSKUDisplayed -->
  <testcase classname="com.airtech.qa.testcases.ProductDetailPageTest" name="IsStockDisplayed" time="0.000">
    <skipped/>
  </testcase> <!-- IsStockDisplayed -->
  <testcase classname="com.airtech.qa.testcases.ProductDetailPageTest" name="IsIncrementDisplayed" time="0.000">
    <skipped/>
  </testcase> <!-- IsIncrementDisplayed -->
  <testcase classname="com.airtech.qa.testcases.ProductDetailPageTest" name="nextproductTest" time="0.000">
    <skipped/>
  </testcase> <!-- nextproductTest -->
  <testcase classname="com.airtech.qa.testcases.ProductDetailPageTest" name="previousproductTest" time="0.000">
    <skipped/>
  </testcase> <!-- previousproductTest -->
  <testcase classname="com.airtech.qa.testcases.ProductDetailPageTest" name="QuantityDecrementTest" time="0.000">
    <skipped/>
  </testcase> <!-- QuantityDecrementTest -->
  <testcase classname="com.airtech.qa.testcases.ProductDetailPageTest" name="QuantityIncrementTest" time="0.000">
    <skipped/>
  </testcase> <!-- QuantityIncrementTest -->
  <testcase classname="com.airtech.qa.testcases.ProductDetailPageTest" name="CartSuccessTest" time="0.000">
    <skipped/>
  </testcase> <!-- CartSuccessTest -->
  <testcase classname="com.airtech.qa.testcases.ProductDetailPageTest" name="CompareSuccessTest" time="0.000">
    <skipped/>
  </testcase> <!-- CompareSuccessTest -->
  <testcase classname="com.airtech.qa.testcases.ProductDetailPageTest" name="WishListFailureTest" time="0.000">
    <skipped/>
  </testcase> <!-- WishListFailureTest -->
  <testcase classname="com.airtech.qa.testcases.ProductDetailPageTest" name="WishListSuccessTest" time="0.000">
    <skipped/>
  </testcase> <!-- WishListSuccessTest -->
</testsuite> <!-- com.airtech.qa.testcases.ProductDetailPageTest -->
