<?xml version="1.0" encoding="UTF-8"?>
<!-- Generated by org.testng.reporters.JUnitReportReporter -->
<testsuite hostname="DESKTOP-3N7FDE7" failures="0" tests="5" name="com.airtech.qa.testcases.ComparePageTest" time="0.000" errors="0" timestamp="2025-05-30T15:38:32 IST" skipped="5">
  <testcase classname="com.airtech.qa.testcases.ComparePageTest" name="ClickWishlistTest" time="0.000">
    <skipped/>
  </testcase> <!-- ClickWishlistTest -->
  <testcase classname="com.airtech.qa.testcases.ComparePageTest" name="IsContentsDisplayed" time="0.000">
    <skipped/>
  </testcase> <!-- IsContentsDisplayed -->
  <testcase classname="com.airtech.qa.testcases.ComparePageTest" name="ClickProductTest" time="0.000">
    <skipped/>
  </testcase> <!-- ClickProductTest -->
  <testcase classname="com.airtech.qa.testcases.ComparePageTest" name="addtoCartTest" time="0.000">
    <skipped/>
  </testcase> <!-- addtoCartTest -->
  <testcase classname="com.airtech.qa.testcases.ComparePageTest" name="removeProductTest" time="0.000">
    <skipped/>
  </testcase> <!-- removeProductTest -->
</testsuite> <!-- com.airtech.qa.testcases.ComparePageTest -->
