<?xml version="1.0" encoding="UTF-8"?>
<!-- Generated by org.testng.reporters.JUnitReportReporter -->
<testsuite hostname="DESKTOP-3N7FDE7" failures="0" tests="9" name="com.airtech.qa.testcases.MyWishListPageTest" time="0.000" errors="0" timestamp="2025-05-30T15:38:32 IST" skipped="9">
  <testcase classname="com.airtech.qa.testcases.MyWishListPageTest" name="MyWishlistTest" time="0.000">
    <skipped/>
  </testcase> <!-- MyWishlistTest -->
  <testcase classname="com.airtech.qa.testcases.MyWishListPageTest" name="ShowTest" time="0.000">
    <skipped/>
  </testcase> <!-- ShowTest -->
  <testcase classname="com.airtech.qa.testcases.MyWishListPageTest" name="EditTest" time="0.000">
    <skipped/>
  </testcase> <!-- EditTest -->
  <testcase classname="com.airtech.qa.testcases.MyWishListPageTest" name="commenttest" time="0.000">
    <skipped/>
  </testcase> <!-- commenttest -->
  <testcase classname="com.airtech.qa.testcases.MyWishListPageTest" name="quantityTest" time="0.000">
    <skipped/>
  </testcase> <!-- quantityTest -->
  <testcase classname="com.airtech.qa.testcases.MyWishListPageTest" name="ShareWishTest" time="0.000">
    <skipped/>
  </testcase> <!-- ShareWishTest -->
  <testcase classname="com.airtech.qa.testcases.MyWishListPageTest" name="AddtoCartTest" time="0.000">
    <skipped/>
  </testcase> <!-- AddtoCartTest -->
  <testcase classname="com.airtech.qa.testcases.MyWishListPageTest" name="ValidationTest" time="0.000">
    <skipped/>
  </testcase> <!-- ValidationTest -->
  <testcase classname="com.airtech.qa.testcases.MyWishListPageTest" name="removebtntest" time="0.000">
    <skipped/>
  </testcase> <!-- removebtntest -->
</testsuite> <!-- com.airtech.qa.testcases.MyWishListPageTest -->
