<?xml version="1.0" encoding="UTF-8"?>
<!-- Generated by org.testng.reporters.JUnitReportReporter -->
<testsuite hostname="DESKTOP-3N7FDE7" failures="0" tests="6" name="com.airtech.qa.testcases.LoginPageTest" time="0.002" errors="0" timestamp="2025-05-30T15:38:32 IST" skipped="6">
  <testcase classname="com.airtech.qa.testcases.LoginPageTest" name="LoginTextTest" time="0.001">
    <skipped/>
  </testcase> <!-- LoginTextTest -->
  <testcase classname="com.airtech.qa.testcases.LoginPageTest" name="ValidationTest" time="0.000">
    <skipped/>
  </testcase> <!-- ValidationTest -->
  <testcase classname="com.airtech.qa.testcases.LoginPageTest" name="registertest" time="0.001">
    <skipped/>
  </testcase> <!-- registertest -->
  <testcase classname="com.airtech.qa.testcases.LoginPageTest" name="ForgotPasswordTest" time="0.000">
    <skipped/>
  </testcase> <!-- ForgotPasswordTest -->
  <testcase classname="com.airtech.qa.testcases.LoginPageTest" name="ToggleTest" time="0.000">
    <skipped/>
  </testcase> <!-- ToggleTest -->
  <testcase classname="com.airtech.qa.testcases.LoginPageTest" name="logintest" time="0.000">
    <skipped/>
  </testcase> <!-- logintest -->
</testsuite> <!-- com.airtech.qa.testcases.LoginPageTest -->
