<?xml version="1.0" encoding="UTF-8"?>
<!-- Generated by org.testng.reporters.JUnitReportReporter -->
<testsuite hostname="DESKTOP-3N7FDE7" failures="0" tests="6" name="com.airtech.qa.testcases.OrderPageTest" time="0.000" errors="0" timestamp="2025-05-30T15:38:32 IST" skipped="6">
  <testcase classname="com.airtech.qa.testcases.OrderPageTest" name="OrdersheadTest" time="0.000">
    <skipped/>
  </testcase> <!-- OrdersheadTest -->
  <testcase classname="com.airtech.qa.testcases.OrderPageTest" name="ViewOrderTest" time="0.000">
    <skipped/>
  </testcase> <!-- ViewOrderTest -->
  <testcase classname="com.airtech.qa.testcases.OrderPageTest" name="PriceTest" time="0.000">
    <skipped/>
  </testcase> <!-- PriceTest -->
  <testcase classname="com.airtech.qa.testcases.OrderPageTest" name="OrderShipmentTest" time="0.000">
    <skipped/>
  </testcase> <!-- OrderShipmentTest -->
  <testcase classname="com.airtech.qa.testcases.OrderPageTest" name="TrackShipmentTest" time="0.000">
    <skipped/>
  </testcase> <!-- TrackShipmentTest -->
  <testcase classname="com.airtech.qa.testcases.OrderPageTest" name="CartPageTest" time="0.000">
    <skipped/>
  </testcase> <!-- CartPageTest -->
</testsuite> <!-- com.airtech.qa.testcases.OrderPageTest -->
