<?xml version="1.0" encoding="UTF-8"?>
<!-- Generated by org.testng.reporters.JUnitReportReporter -->
<testsuite hostname="DESKTOP-3N7FDE7" failures="0" tests="2" name="com.airtech.qa.testcases.ForgotPasswordTest" time="0.000" errors="0" timestamp="2025-05-30T15:38:32 IST" skipped="2">
  <testcase classname="com.airtech.qa.testcases.ForgotPasswordTest" name="ForgotTest" time="0.000">
    <skipped/>
  </testcase> <!-- ForgotTest -->
  <testcase classname="com.airtech.qa.testcases.ForgotPasswordTest" name="ResetTest" time="0.000">
    <skipped/>
  </testcase> <!-- ResetTest -->
</testsuite> <!-- com.airtech.qa.testcases.ForgotPasswordTest -->
