<?xml version="1.0" encoding="UTF-8"?>
<!-- Generated by org.testng.reporters.JUnitReportReporter -->
<testsuite hostname="DESKTOP-3N7FDE7" failures="0" tests="8" name="com.airtech.qa.testcases.CheckOutPageTest" time="0.000" errors="0" timestamp="2025-05-30T15:38:32 IST" skipped="8">
  <testcase classname="com.airtech.qa.testcases.CheckOutPageTest" name="ShippingAddressFieldsTest" time="0.000">
    <skipped/>
  </testcase> <!-- ShippingAddressFieldsTest -->
  <testcase classname="com.airtech.qa.testcases.CheckOutPageTest" name="Createaccounttest" time="0.000">
    <skipped/>
  </testcase> <!-- Createaccounttest -->
  <testcase classname="com.airtech.qa.testcases.CheckOutPageTest" name="BillingAddressFields" time="0.000">
    <skipped/>
  </testcase> <!-- BillingAddressFields -->
  <testcase classname="com.airtech.qa.testcases.CheckOutPageTest" name="PlaceOrderTest" time="0.000">
    <skipped/>
  </testcase> <!-- PlaceOrderTest -->
  <testcase classname="com.airtech.qa.testcases.CheckOutPageTest" name="ShippingBillingSameTest" time="0.000">
    <skipped/>
  </testcase> <!-- ShippingBillingSameTest -->
  <testcase classname="com.airtech.qa.testcases.CheckOutPageTest" name="PaymentMethodsTest" time="0.000">
    <skipped/>
  </testcase> <!-- PaymentMethodsTest -->
  <testcase classname="com.airtech.qa.testcases.CheckOutPageTest" name="ProductSummaryTest" time="0.000">
    <skipped/>
  </testcase> <!-- ProductSummaryTest -->
  <testcase classname="com.airtech.qa.testcases.CheckOutPageTest" name="ProductPricingTest" time="0.000">
    <skipped/>
  </testcase> <!-- ProductPricingTest -->
</testsuite> <!-- com.airtech.qa.testcases.CheckOutPageTest -->
