<?xml version="1.0" encoding="UTF-8"?>
<!-- Generated by org.testng.reporters.JUnitReportReporter -->
<testsuite hostname="DESKTOP-3N7FDE7" failures="0" tests="9" name="com.airtech.qa.testcases.CartPageTest" time="0.000" errors="0" timestamp="2025-05-30T15:38:32 IST" skipped="9">
  <testcase classname="com.airtech.qa.testcases.CartPageTest" name="IsSubTotalDisplayed" time="0.000">
    <skipped/>
  </testcase> <!-- IsSubTotalDisplayed -->
  <testcase classname="com.airtech.qa.testcases.CartPageTest" name="UpdateCartTest" time="0.000">
    <skipped/>
  </testcase> <!-- UpdateCartTest -->
  <testcase classname="com.airtech.qa.testcases.CartPageTest" name="IsTaxDisplayed" time="0.000">
    <skipped/>
  </testcase> <!-- IsTaxDisplayed -->
  <testcase classname="com.airtech.qa.testcases.CartPageTest" name="IsTotalPriceDisplayed" time="0.000">
    <skipped/>
  </testcase> <!-- IsTotalPriceDisplayed -->
  <testcase classname="com.airtech.qa.testcases.CartPageTest" name="CartTextTest" time="0.000">
    <skipped/>
  </testcase> <!-- CartTextTest -->
  <testcase classname="com.airtech.qa.testcases.CartPageTest" name="IsDiscountDisplayed" time="0.000">
    <skipped/>
  </testcase> <!-- IsDiscountDisplayed -->
  <testcase classname="com.airtech.qa.testcases.CartPageTest" name="EditTest" time="0.000">
    <skipped/>
  </testcase> <!-- EditTest -->
  <testcase classname="com.airtech.qa.testcases.CartPageTest" name="ProductQuantityTest" time="0.000">
    <skipped/>
  </testcase> <!-- ProductQuantityTest -->
  <testcase classname="com.airtech.qa.testcases.CartPageTest" name="ProdremoveTest" time="0.000">
    <skipped/>
  </testcase> <!-- ProdremoveTest -->
</testsuite> <!-- com.airtech.qa.testcases.CartPageTest -->
