<?xml version="1.0" encoding="UTF-8"?>
<!-- Generated by org.testng.reporters.JUnitReportReporter -->
<testsuite hostname="DESKTOP-3N7FDE7" failures="0" tests="4" name="com.airtech.qa.testcases.RegistrationPageTest" time="0.000" errors="0" timestamp="2025-05-30T15:38:32 IST" skipped="4">
  <testcase classname="com.airtech.qa.testcases.RegistrationPageTest" name="RegistrationTest" time="0.000">
    <skipped/>
  </testcase> <!-- RegistrationTest -->
  <testcase classname="com.airtech.qa.testcases.RegistrationPageTest" name="ValidationTest" time="0.000">
    <skipped/>
  </testcase> <!-- ValidationTest -->
  <testcase classname="com.airtech.qa.testcases.RegistrationPageTest" name="PasswordMeterTest" time="0.000">
    <skipped/>
  </testcase> <!-- PasswordMeterTest -->
  <testcase classname="com.airtech.qa.testcases.RegistrationPageTest" name="PasswordToggleTest" time="0.000">
    <skipped/>
  </testcase> <!-- PasswordToggleTest -->
</testsuite> <!-- com.airtech.qa.testcases.RegistrationPageTest -->
