<?xml version="1.0" encoding="UTF-8"?>
<!-- Generated by org.testng.reporters.JUnitReportReporter -->
<testsuite hostname="DESKTOP-3N7FDE7" failures="0" tests="2" name="com.airtech.qa.testcases.NewsLetterTest" time="0.000" errors="0" timestamp="2025-05-30T15:38:32 IST" skipped="2">
  <testcase classname="com.airtech.qa.testcases.NewsLetterTest" name="NewsLetterVisibleTest" time="0.000">
    <skipped/>
  </testcase> <!-- NewsLetterVisibleTest -->
  <testcase classname="com.airtech.qa.testcases.NewsLetterTest" name="SaveNewsTest" time="0.000">
    <skipped/>
  </testcase> <!-- SaveNewsTest -->
</testsuite> <!-- com.airtech.qa.testcases.NewsLetterTest -->
