<?xml version="1.0" encoding="UTF-8"?>
<!-- Generated by org.testng.reporters.JUnitReportReporter -->
<testsuite hostname="DESKTOP-3N7FDE7" failures="0" tests="8" name="com.airtech.qa.testcases.ProfilePageTest" time="0.000" errors="0" timestamp="2025-05-30T15:38:32 IST" skipped="8">
  <testcase classname="com.airtech.qa.testcases.ProfilePageTest" name="AllOrdersTest" time="0.000">
    <skipped/>
  </testcase> <!-- AllOrdersTest -->
  <testcase classname="com.airtech.qa.testcases.ProfilePageTest" name="IsEditPassDisplayed" time="0.000">
    <skipped/>
  </testcase> <!-- IsEditPassDisplayed -->
  <testcase classname="com.airtech.qa.testcases.ProfilePageTest" name="ManageAdressTest" time="0.000">
    <skipped/>
  </testcase> <!-- ManageAdressTest -->
  <testcase classname="com.airtech.qa.testcases.ProfilePageTest" name="ReOrderTest" time="0.000">
    <skipped/>
  </testcase> <!-- ReOrderTest -->
  <testcase classname="com.airtech.qa.testcases.ProfilePageTest" name="NewsletterTest" time="0.000">
    <skipped/>
  </testcase> <!-- NewsletterTest -->
  <testcase classname="com.airtech.qa.testcases.ProfilePageTest" name="MenusDisplayed" time="0.000">
    <skipped/>
  </testcase> <!-- MenusDisplayed -->
  <testcase classname="com.airtech.qa.testcases.ProfilePageTest" name="ChangePassTest" time="0.000">
    <skipped/>
  </testcase> <!-- ChangePassTest -->
  <testcase classname="com.airtech.qa.testcases.ProfilePageTest" name="ViewOrdersTest" time="0.000">
    <skipped/>
  </testcase> <!-- ViewOrdersTest -->
</testsuite> <!-- com.airtech.qa.testcases.ProfilePageTest -->
